1468679231931	addons.manager	DEBUG	Application has been upgraded
1468679231953	addons.manager	DEBUG	Loaded provider scope for resource://gre/modules/addons/XPIProvider.jsm: ["XPIProvider"]
1468679231956	addons.manager	DEBUG	Loaded provider scope for resource://gre/modules/LightweightThemeManager.jsm: ["LightweightThemeManager"]
1468679231961	addons.manager	DEBUG	Loaded provider scope for resource://gre/modules/addons/GMPProvider.jsm
1468679231962	addons.manager	DEBUG	Loaded provider scope for resource://gre/modules/addons/PluginProvider.jsm
1468679231963	addons.manager	DEBUG	Starting provider: XPIProvider
1468679231963	addons.xpi	DEBUG	startup
1468679231964	addons.xpi	INFO	SystemAddonInstallLocation directory is missing
1468679231965	addons.xpi	INFO	Mapping e10srollout@mozilla.org to /usr/lib/firefox/browser/features/e10srollout@mozilla.org.xpi
1468679231965	addons.xpi	INFO	Mapping loop@mozilla.org to /usr/lib/firefox/browser/features/loop@mozilla.org.xpi
1468679231965	addons.xpi	INFO	Mapping firefox@getpocket.com to /usr/lib/firefox/browser/features/firefox@getpocket.com.xpi
1468679231966	addons.xpi	INFO	Mapping langpack-en-ZA@firefox.mozilla.org to /usr/lib/firefox/browser/extensions/langpack-en-ZA@firefox.mozilla.org.xpi
1468679231966	addons.xpi	INFO	Mapping {972ce4c6-7e08-4474-a285-3208198ce6fd} to /usr/lib/firefox/browser/extensions/{972ce4c6-7e08-4474-a285-3208198ce6fd}.xpi
1468679231966	addons.xpi	INFO	Mapping langpack-en-GB@firefox.mozilla.org to /usr/lib/firefox/browser/extensions/langpack-en-GB@firefox.mozilla.org.xpi
1468679231967	addons.xpi	DEBUG	checkForChanges
1468679231967	addons.xpi	DEBUG	Loaded add-on state from prefs: {}
1468679231968	addons.xpi	DEBUG	New add-on e10srollout@mozilla.org in app-system-defaults
1468679231968	addons.xpi	DEBUG	getModTime: Recursive scan of e10srollout@mozilla.org
1468679231969	addons.xpi	DEBUG	New add-on loop@mozilla.org in app-system-defaults
1468679231969	addons.xpi	DEBUG	getModTime: Recursive scan of loop@mozilla.org
1468679231969	addons.xpi	DEBUG	New add-on firefox@getpocket.com in app-system-defaults
1468679231970	addons.xpi	DEBUG	getModTime: Recursive scan of firefox@getpocket.com
1468679231970	addons.xpi	DEBUG	New add-on langpack-en-ZA@firefox.mozilla.org in app-global
1468679231970	addons.xpi	DEBUG	getModTime: Recursive scan of langpack-en-ZA@firefox.mozilla.org
1468679231970	addons.xpi	DEBUG	New add-on {972ce4c6-7e08-4474-a285-3208198ce6fd} in app-global
1468679231970	addons.xpi	DEBUG	getModTime: Recursive scan of {972ce4c6-7e08-4474-a285-3208198ce6fd}
1468679231971	addons.xpi	DEBUG	New add-on langpack-en-GB@firefox.mozilla.org in app-global
1468679231971	addons.xpi	DEBUG	getModTime: Recursive scan of langpack-en-GB@firefox.mozilla.org
1468679231971	addons.xpi	DEBUG	getInstallState changed: true, state: {"app-system-defaults":{"e10srollout@mozilla.org":{"d":"/usr/lib/firefox/browser/features/e10srollout@mozilla.org.xpi","st":1465216733000},"loop@mozilla.org":{"d":"/usr/lib/firefox/browser/features/loop@mozilla.org.xpi","st":1465216734000},"firefox@getpocket.com":{"d":"/usr/lib/firefox/browser/features/firefox@getpocket.com.xpi","st":1465216733000}},"app-global":{"langpack-en-ZA@firefox.mozilla.org":{"d":"/usr/lib/firefox/browser/extensions/langpack-en-ZA@firefox.mozilla.org.xpi","st":1465217056000},"{972ce4c6-7e08-4474-a285-3208198ce6fd}":{"d":"/usr/lib/firefox/browser/extensions/{972ce4c6-7e08-4474-a285-3208198ce6fd}.xpi","st":1465216733000},"langpack-en-GB@firefox.mozilla.org":{"d":"/usr/lib/firefox/browser/extensions/langpack-en-GB@firefox.mozilla.org.xpi","st":1465217056000}}}
1468679231978	addons.xpi-utils	DEBUG	Opening XPI database /tmp/rust_mozprofile.AtacL2KcRtIW/extensions.json
1468679231979	addons.xpi-utils	DEBUG	New add-on e10srollout@mozilla.org installed in app-system-defaults
*** Blocklist::_loadBlocklistFromFile: blocklist is disabled
1468679231988	DeferredSave.extensions.json	DEBUG	Save changes
1468679231988	addons.xpi-utils	DEBUG	New add-on loop@mozilla.org installed in app-system-defaults
1468679231996	DeferredSave.extensions.json	DEBUG	Starting timer
1468679231998	DeferredSave.extensions.json	DEBUG	Save changes
1468679231998	addons.xpi-utils	DEBUG	New add-on firefox@getpocket.com installed in app-system-defaults
1468679232005	DeferredSave.extensions.json	DEBUG	Save changes
1468679232006	addons.xpi-utils	DEBUG	New add-on langpack-en-ZA@firefox.mozilla.org installed in app-global
1468679232017	DeferredSave.extensions.json	DEBUG	Save changes
1468679232018	addons.xpi-utils	DEBUG	New add-on {972ce4c6-7e08-4474-a285-3208198ce6fd} installed in app-global
1468679232021	DeferredSave.extensions.json	DEBUG	Save changes
1468679232021	addons.xpi-utils	DEBUG	New add-on langpack-en-GB@firefox.mozilla.org installed in app-global
1468679232033	DeferredSave.extensions.json	DEBUG	Save changes
1468679232033	addons.xpi-utils	INFO	Hiding the updated system add-ons.
1468679232042	addons.xpi	DEBUG	Loading bootstrap scope from /usr/lib/firefox/browser/features/e10srollout@mozilla.org.xpi
1468679232056	addons.xpi	DEBUG	Calling bootstrap method install on e10srollout@mozilla.org version 1.0
1468679232057	addons.xpi-utils	DEBUG	Make addon app-system-defaults:e10srollout@mozilla.org visible
1468679232057	DeferredSave.extensions.json	DEBUG	Save changes
1468679232057	addons.xpi	DEBUG	Loading bootstrap scope from /usr/lib/firefox/browser/features/loop@mozilla.org.xpi
1468679232062	addons.xpi	DEBUG	Calling bootstrap method install on loop@mozilla.org version 1.3.2
1468679232062	addons.xpi-utils	DEBUG	Make addon app-system-defaults:loop@mozilla.org visible
1468679232062	DeferredSave.extensions.json	DEBUG	Save changes
1468679232063	addons.xpi	DEBUG	Loading bootstrap scope from /usr/lib/firefox/browser/features/firefox@getpocket.com.xpi
1468679232066	addons.xpi	DEBUG	Calling bootstrap method install on firefox@getpocket.com version 1.0.2
1468679232066	addons.xpi-utils	DEBUG	Make addon app-system-defaults:firefox@getpocket.com visible
1468679232066	DeferredSave.extensions.json	DEBUG	Save changes
1468679232067	addons.manager	DEBUG	Registering startup change 'installed' for langpack-en-ZA@firefox.mozilla.org
1468679232067	addons.xpi-utils	DEBUG	Make addon app-global:langpack-en-ZA@firefox.mozilla.org visible
1468679232067	DeferredSave.extensions.json	DEBUG	Save changes
1468679232067	addons.xpi-utils	DEBUG	Make addon app-global:{972ce4c6-7e08-4474-a285-3208198ce6fd} visible
1468679232068	DeferredSave.extensions.json	DEBUG	Save changes
1468679232068	addons.manager	DEBUG	Registering startup change 'installed' for langpack-en-GB@firefox.mozilla.org
1468679232068	addons.xpi-utils	DEBUG	Make addon app-global:langpack-en-GB@firefox.mozilla.org visible
1468679232069	DeferredSave.extensions.json	DEBUG	Save changes
1468679232069	addons.xpi	DEBUG	Updating XPIState for {"id":"e10srollout@mozilla.org","syncGUID":"anzAdWJUhLvZ","location":"app-system-defaults","version":"1.0","type":"extension","internalName":null,"updateURL":null,"updateKey":null,"optionsURL":null,"optionsType":null,"aboutURL":null,"icons":{},"iconURL":null,"icon64URL":null,"defaultLocale":{"name":"Multi-process staged rollout","description":"Staged rollout of Firefox multi-process feature.","creator":null,"homepageURL":null},"visible":true,"active":true,"userDisabled":false,"appDisabled":false,"descriptor":"/usr/lib/firefox/browser/features/e10srollout@mozilla.org.xpi","installDate":1465216733000,"updateDate":1465216733000,"applyBackgroundUpdates":1,"bootstrap":true,"skinnable":false,"size":4580,"sourceURI":null,"releaseNotesURI":null,"softDisabled":false,"foreignInstall":false,"hasBinaryComponents":false,"strictCompatibility":false,"locales":[],"targetApplications":[{"id":"{ec8030f7-c20a-464f-9b0e-13a3a9e97384}","minVersion":"47.0","maxVersion":"47.0"}],"targetPlatforms":[],"multiprocessCompatible":false,"seen":true}
1468679232069	addons.xpi	DEBUG	getModTime: Recursive scan of e10srollout@mozilla.org
1468679232070	addons.xpi	DEBUG	Updating XPIState for {"id":"loop@mozilla.org","syncGUID":"OCGjrONqwMUJ","location":"app-system-defaults","version":"1.3.2","type":"extension","internalName":null,"updateURL":null,"updateKey":null,"optionsURL":null,"optionsType":null,"aboutURL":null,"icons":{},"iconURL":null,"icon64URL":null,"defaultLocale":{"name":"Firefox Hello","description":"Web sharing for Firefox","creator":"Mozilla","homepageURL":null},"visible":true,"active":true,"userDisabled":false,"appDisabled":false,"descriptor":"/usr/lib/firefox/browser/features/loop@mozilla.org.xpi","installDate":1465216734000,"updateDate":1465216734000,"applyBackgroundUpdates":1,"bootstrap":true,"skinnable":false,"size":4239088,"sourceURI":null,"releaseNotesURI":null,"softDisabled":false,"foreignInstall":false,"hasBinaryComponents":false,"strictCompatibility":false,"locales":[],"targetApplications":[{"id":"{ec8030f7-c20a-464f-9b0e-13a3a9e97384}","minVersion":"46.0a1","maxVersion":"47.*"},{"id":"xpcshell@tests.mozilla.org","minVersion":"0","maxVersion":"10"}],"targetPlatforms":[],"multiprocessCompatible":false,"seen":true}
1468679232070	addons.xpi	DEBUG	getModTime: Recursive scan of loop@mozilla.org
1468679232070	addons.xpi	DEBUG	Updating XPIState for {"id":"firefox@getpocket.com","syncGUID":"C6TfzekJ_q-r","location":"app-system-defaults","version":"1.0.2","type":"extension","internalName":null,"updateURL":null,"updateKey":null,"optionsURL":null,"optionsType":null,"aboutURL":null,"icons":{},"iconURL":null,"icon64URL":null,"defaultLocale":{"name":"Pocket","description":"When you find something you want to view later, put it in Pocket.","creator":null,"homepageURL":null},"visible":true,"active":true,"userDisabled":false,"appDisabled":false,"descriptor":"/usr/lib/firefox/browser/features/firefox@getpocket.com.xpi","installDate":1465216733000,"updateDate":1465216733000,"applyBackgroundUpdates":1,"bootstrap":true,"skinnable":false,"size":894473,"sourceURI":null,"releaseNotesURI":null,"softDisabled":false,"foreignInstall":false,"hasBinaryComponents":false,"strictCompatibility":false,"locales":[],"targetApplications":[{"id":"{ec8030f7-c20a-464f-9b0e-13a3a9e97384}","minVersion":"47.0","maxVersion":"47.0"}],"targetPlatforms":[],"multiprocessCompatible":false,"seen":true}
1468679232070	addons.xpi	DEBUG	getModTime: Recursive scan of firefox@getpocket.com
1468679232070	addons.xpi	DEBUG	Updating XPIState for {"id":"langpack-en-ZA@firefox.mozilla.org","syncGUID":"cHMxAPz4i8hk","location":"app-global","version":"47.0","type":"locale","internalName":null,"updateURL":null,"updateKey":null,"optionsURL":null,"optionsType":null,"aboutURL":null,"icons":{},"iconURL":null,"icon64URL":null,"defaultLocale":{"name":"English (South Africa) Language Pack","description":null,"creator":"Translate.org.za","homepageURL":null,"contributors":["Translate.org.za","Dwayne Bailey"]},"visible":true,"active":true,"userDisabled":false,"appDisabled":false,"descriptor":"/usr/lib/firefox/browser/extensions/langpack-en-ZA@firefox.mozilla.org.xpi","installDate":1465217056000,"updateDate":1465217056000,"applyBackgroundUpdates":1,"bootstrap":true,"skinnable":false,"size":1106312,"sourceURI":null,"releaseNotesURI":null,"softDisabled":false,"foreignInstall":true,"hasBinaryComponents":false,"strictCompatibility":true,"locales":[],"targetApplications":[{"id":"{ec8030f7-c20a-464f-9b0e-13a3a9e97384}","minVersion":"47.0","maxVersion":"47.*"},{"id":"webapprt@mozilla.org","minVersion":"47.0","maxVersion":"47.*"}],"targetPlatforms":[],"seen":true}
1468679232070	addons.xpi	DEBUG	getModTime: Recursive scan of langpack-en-ZA@firefox.mozilla.org
1468679232071	addons.xpi	DEBUG	Updating XPIState for {"id":"{972ce4c6-7e08-4474-a285-3208198ce6fd}","syncGUID":"JuiWIsYOGrzC","location":"app-global","version":"47.0","type":"theme","internalName":"classic/1.0","updateURL":null,"updateKey":null,"optionsURL":null,"optionsType":null,"aboutURL":null,"icons":{"32":"icon.png","48":"icon.png"},"iconURL":null,"icon64URL":null,"defaultLocale":{"name":"Default","description":"The default theme.","creator":"Mozilla","homepageURL":null,"contributors":["Mozilla Contributors"]},"visible":true,"active":true,"userDisabled":false,"appDisabled":false,"descriptor":"/usr/lib/firefox/browser/extensions/{972ce4c6-7e08-4474-a285-3208198ce6fd}.xpi","installDate":1465216733000,"updateDate":1465216733000,"applyBackgroundUpdates":1,"skinnable":true,"size":5022,"sourceURI":null,"releaseNotesURI":null,"softDisabled":false,"foreignInstall":false,"hasBinaryComponents":false,"strictCompatibility":true,"locales":[],"targetApplications":[{"id":"{ec8030f7-c20a-464f-9b0e-13a3a9e97384}","minVersion":"47.0","maxVersion":"47.0"}],"targetPlatforms":[],"seen":true}
1468679232071	addons.xpi	DEBUG	getModTime: Recursive scan of {972ce4c6-7e08-4474-a285-3208198ce6fd}
1468679232071	addons.xpi	DEBUG	Updating XPIState for {"id":"langpack-en-GB@firefox.mozilla.org","syncGUID":"W3SdTOSndgON","location":"app-global","version":"47.0","type":"locale","internalName":null,"updateURL":null,"updateKey":null,"optionsURL":null,"optionsType":null,"aboutURL":null,"icons":{},"iconURL":null,"icon64URL":null,"defaultLocale":{"name":"English (GB) Language Pack","description":null,"creator":"Mark Tyndall","homepageURL":null,"contributors":["David Bartlett","Constantine Murenin","Ian Neal"]},"visible":true,"active":true,"userDisabled":false,"appDisabled":false,"descriptor":"/usr/lib/firefox/browser/extensions/langpack-en-GB@firefox.mozilla.org.xpi","installDate":1465217056000,"updateDate":1465217056000,"applyBackgroundUpdates":1,"bootstrap":true,"skinnable":false,"size":1121067,"sourceURI":null,"releaseNotesURI":null,"softDisabled":false,"foreignInstall":true,"hasBinaryComponents":false,"strictCompatibility":true,"locales":[],"targetApplications":[{"id":"{ec8030f7-c20a-464f-9b0e-13a3a9e97384}","minVersion":"47.0","maxVersion":"47.*"},{"id":"webapprt@mozilla.org","minVersion":"47.0","maxVersion":"47.*"}],"targetPlatforms":[],"seen":true}
1468679232071	addons.xpi	DEBUG	getModTime: Recursive scan of langpack-en-GB@firefox.mozilla.org
1468679232072	DeferredSave.extensions.json	DEBUG	Save changes
1468679232072	addons.xpi	DEBUG	Updating database with changes to installed add-ons
1468679232072	addons.xpi-utils	DEBUG	Updating add-on states
1468679232073	addons.xpi-utils	DEBUG	Writing add-ons list
1468679232074	addons.xpi	DEBUG	Registering manifest for /usr/lib/firefox/browser/features/e10srollout@mozilla.org.xpi
1468679232074	addons.xpi	DEBUG	Calling bootstrap method startup on e10srollout@mozilla.org version 1.0
1468679232074	addons.xpi	DEBUG	Registering manifest for /usr/lib/firefox/browser/features/loop@mozilla.org.xpi
1468679232074	addons.xpi	DEBUG	Calling bootstrap method startup on loop@mozilla.org version 1.3.2
1468679232093	addons.xpi	DEBUG	Registering manifest for /usr/lib/firefox/browser/features/firefox@getpocket.com.xpi
1468679232093	addons.xpi	DEBUG	Calling bootstrap method startup on firefox@getpocket.com version 1.0.2
1468679232094	addons.xpi	DEBUG	Registering manifest for /usr/lib/firefox/browser/extensions/langpack-en-ZA@firefox.mozilla.org.xpi
1468679232096	addons.xpi	DEBUG	Registering manifest for /usr/lib/firefox/browser/extensions/langpack-en-GB@firefox.mozilla.org.xpi
1468679232099	addons.manager	DEBUG	Registering shutdown blocker for XPIProvider
1468679232100	addons.manager	DEBUG	Provider finished startup: XPIProvider
1468679232100	addons.manager	DEBUG	Starting provider: LightweightThemeManager
1468679232100	addons.manager	DEBUG	Registering shutdown blocker for LightweightThemeManager
1468679232100	addons.manager	DEBUG	Provider finished startup: LightweightThemeManager
1468679232100	addons.manager	DEBUG	Starting provider: GMPProvider
1468679232109	addons.manager	DEBUG	Registering shutdown blocker for GMPProvider
1468679232110	addons.manager	DEBUG	Provider finished startup: GMPProvider
1468679232110	addons.manager	DEBUG	Starting provider: PluginProvider
1468679232110	addons.manager	DEBUG	Registering shutdown blocker for PluginProvider
1468679232110	addons.manager	DEBUG	Provider finished startup: PluginProvider
1468679232111	addons.manager	DEBUG	Completed startup sequence
1468679232307	Marionette	INFO	Listening on port 41323
1468679232495	addons.manager	DEBUG	Starting provider: <unnamed-provider>
1468679232496	addons.manager	DEBUG	Registering shutdown blocker for <unnamed-provider>
1468679232496	addons.manager	DEBUG	Provider finished startup: <unnamed-provider>
1468679232573	addons.manager	DEBUG	Starting provider: PreviousExperimentProvider
1468679232573	addons.manager	DEBUG	Registering shutdown blocker for PreviousExperimentProvider
1468679232575	addons.manager	DEBUG	Provider finished startup: PreviousExperimentProvider
1468679232578	DeferredSave.extensions.json	DEBUG	Starting write
1468679232729	DeferredSave.extensions.json	DEBUG	Write succeeded
1468679232730	addons.xpi-utils	DEBUG	XPI Database saved, setting schema version preference to 17
JavaScript warning: http://www.qvcuk.com/wcsstore/UK/content/javascript/commons.js, line 549: unreachable code after return statement
JavaScript warning: http://www.qvcuk.com/wcsstore/UK/content/javascript/commons.js, line 565: unreachable code after return statement
1468679293346	addons.productaddons	INFO	sending request to: https://aus5.mozilla.org/update/3/GMP/47.0/20160606114208/Linux_x86_64-gcc3/null/release-cck- “ubuntu”/Linux%204.2.0-41-generic%20(GTK%203.10.8%2Clibpulse%204.0.0)/canonical/1.0/update.xml
1468679293733	addons.productaddons	INFO	Completed downloading document
1468679294228	addons.productaddons	INFO	downloadXHR File download. status=200
1468679294233	addons.productaddons	INFO	Downloaded file will be saved to /tmp/tmpaddon
1468679712191	addons.manager	INFO	Skipping background update check
1468679952213	DeferredSave.extensions.json	DEBUG	Save changes
1468679952215	DeferredSave.extensions.json	DEBUG	Starting timer
1468679952238	DeferredSave.extensions.json	DEBUG	Starting write
1468679952244	DeferredSave.extensions.json	DEBUG	Write succeeded

(firefox:27069): GConf-WARNING **: Got Disconnected from DBus.

g_dbus_connection_real_closed: Remote peer vanished with error: Error receiving message: Connection reset by peer (g-io-error-quark, 0). Exiting.
1468681219522	addons.manager	DEBUG	Application has been upgraded
1468681219546	addons.manager	DEBUG	Loaded provider scope for resource://gre/modules/addons/XPIProvider.jsm: ["XPIProvider"]
1468681219549	addons.manager	DEBUG	Loaded provider scope for resource://gre/modules/LightweightThemeManager.jsm: ["LightweightThemeManager"]
1468681219554	addons.manager	DEBUG	Loaded provider scope for resource://gre/modules/addons/GMPProvider.jsm
1468681219556	addons.manager	DEBUG	Loaded provider scope for resource://gre/modules/addons/PluginProvider.jsm
1468681219557	addons.manager	DEBUG	Starting provider: XPIProvider
1468681219558	addons.xpi	DEBUG	startup
1468681219559	addons.xpi	INFO	SystemAddonInstallLocation directory is missing
1468681219560	addons.xpi	INFO	Mapping e10srollout@mozilla.org to /usr/lib/firefox/browser/features/e10srollout@mozilla.org.xpi
1468681219560	addons.xpi	INFO	Mapping loop@mozilla.org to /usr/lib/firefox/browser/features/loop@mozilla.org.xpi
1468681219560	addons.xpi	INFO	Mapping firefox@getpocket.com to /usr/lib/firefox/browser/features/firefox@getpocket.com.xpi
1468681219561	addons.xpi	INFO	Mapping langpack-en-ZA@firefox.mozilla.org to /usr/lib/firefox/browser/extensions/langpack-en-ZA@firefox.mozilla.org.xpi
1468681219562	addons.xpi	INFO	Mapping {972ce4c6-7e08-4474-a285-3208198ce6fd} to /usr/lib/firefox/browser/extensions/{972ce4c6-7e08-4474-a285-3208198ce6fd}.xpi
1468681219562	addons.xpi	INFO	Mapping langpack-en-GB@firefox.mozilla.org to /usr/lib/firefox/browser/extensions/langpack-en-GB@firefox.mozilla.org.xpi
1468681219563	addons.xpi	DEBUG	checkForChanges
1468681219563	addons.xpi	DEBUG	Loaded add-on state from prefs: {}
1468681219564	addons.xpi	DEBUG	New add-on e10srollout@mozilla.org in app-system-defaults
1468681219565	addons.xpi	DEBUG	getModTime: Recursive scan of e10srollout@mozilla.org
1468681219565	addons.xpi	DEBUG	New add-on loop@mozilla.org in app-system-defaults
1468681219566	addons.xpi	DEBUG	getModTime: Recursive scan of loop@mozilla.org
1468681219566	addons.xpi	DEBUG	New add-on firefox@getpocket.com in app-system-defaults
1468681219567	addons.xpi	DEBUG	getModTime: Recursive scan of firefox@getpocket.com
1468681219567	addons.xpi	DEBUG	New add-on langpack-en-ZA@firefox.mozilla.org in app-global
1468681219567	addons.xpi	DEBUG	getModTime: Recursive scan of langpack-en-ZA@firefox.mozilla.org
1468681219568	addons.xpi	DEBUG	New add-on {972ce4c6-7e08-4474-a285-3208198ce6fd} in app-global
1468681219568	addons.xpi	DEBUG	getModTime: Recursive scan of {972ce4c6-7e08-4474-a285-3208198ce6fd}
1468681219568	addons.xpi	DEBUG	New add-on langpack-en-GB@firefox.mozilla.org in app-global
1468681219568	addons.xpi	DEBUG	getModTime: Recursive scan of langpack-en-GB@firefox.mozilla.org
1468681219569	addons.xpi	DEBUG	getInstallState changed: true, state: {"app-system-defaults":{"e10srollout@mozilla.org":{"d":"/usr/lib/firefox/browser/features/e10srollout@mozilla.org.xpi","st":1465216733000},"loop@mozilla.org":{"d":"/usr/lib/firefox/browser/features/loop@mozilla.org.xpi","st":1465216734000},"firefox@getpocket.com":{"d":"/usr/lib/firefox/browser/features/firefox@getpocket.com.xpi","st":1465216733000}},"app-global":{"langpack-en-ZA@firefox.mozilla.org":{"d":"/usr/lib/firefox/browser/extensions/langpack-en-ZA@firefox.mozilla.org.xpi","st":1465217056000},"{972ce4c6-7e08-4474-a285-3208198ce6fd}":{"d":"/usr/lib/firefox/browser/extensions/{972ce4c6-7e08-4474-a285-3208198ce6fd}.xpi","st":1465216733000},"langpack-en-GB@firefox.mozilla.org":{"d":"/usr/lib/firefox/browser/extensions/langpack-en-GB@firefox.mozilla.org.xpi","st":1465217056000}}}
1468681219585	addons.xpi-utils	DEBUG	Opening XPI database /tmp/rust_mozprofile.F3UPJS5uSDve/extensions.json
1468681219587	addons.xpi-utils	DEBUG	New add-on e10srollout@mozilla.org installed in app-system-defaults
*** Blocklist::_loadBlocklistFromFile: blocklist is disabled
1468681219605	DeferredSave.extensions.json	DEBUG	Save changes
1468681219606	addons.xpi-utils	DEBUG	New add-on loop@mozilla.org installed in app-system-defaults
1468681219618	DeferredSave.extensions.json	DEBUG	Starting timer
1468681219620	DeferredSave.extensions.json	DEBUG	Save changes
1468681219620	addons.xpi-utils	DEBUG	New add-on firefox@getpocket.com installed in app-system-defaults
1468681219628	DeferredSave.extensions.json	DEBUG	Save changes
1468681219629	addons.xpi-utils	DEBUG	New add-on langpack-en-ZA@firefox.mozilla.org installed in app-global
1468681219638	DeferredSave.extensions.json	DEBUG	Save changes
1468681219638	addons.xpi-utils	DEBUG	New add-on {972ce4c6-7e08-4474-a285-3208198ce6fd} installed in app-global
1468681219641	DeferredSave.extensions.json	DEBUG	Save changes
1468681219641	addons.xpi-utils	DEBUG	New add-on langpack-en-GB@firefox.mozilla.org installed in app-global
1468681219651	DeferredSave.extensions.json	DEBUG	Save changes
1468681219651	addons.xpi-utils	INFO	Hiding the updated system add-ons.
1468681219657	addons.xpi	DEBUG	Loading bootstrap scope from /usr/lib/firefox/browser/features/e10srollout@mozilla.org.xpi
1468681219666	addons.xpi	DEBUG	Calling bootstrap method install on e10srollout@mozilla.org version 1.0
1468681219666	addons.xpi-utils	DEBUG	Make addon app-system-defaults:e10srollout@mozilla.org visible
1468681219666	DeferredSave.extensions.json	DEBUG	Save changes
1468681219667	addons.xpi	DEBUG	Loading bootstrap scope from /usr/lib/firefox/browser/features/loop@mozilla.org.xpi
1468681219671	addons.xpi	DEBUG	Calling bootstrap method install on loop@mozilla.org version 1.3.2
1468681219671	addons.xpi-utils	DEBUG	Make addon app-system-defaults:loop@mozilla.org visible
1468681219671	DeferredSave.extensions.json	DEBUG	Save changes
1468681219672	addons.xpi	DEBUG	Loading bootstrap scope from /usr/lib/firefox/browser/features/firefox@getpocket.com.xpi
1468681219674	addons.xpi	DEBUG	Calling bootstrap method install on firefox@getpocket.com version 1.0.2
1468681219674	addons.xpi-utils	DEBUG	Make addon app-system-defaults:firefox@getpocket.com visible
1468681219675	DeferredSave.extensions.json	DEBUG	Save changes
1468681219675	addons.manager	DEBUG	Registering startup change 'installed' for langpack-en-ZA@firefox.mozilla.org
1468681219675	addons.xpi-utils	DEBUG	Make addon app-global:langpack-en-ZA@firefox.mozilla.org visible
1468681219675	DeferredSave.extensions.json	DEBUG	Save changes
1468681219676	addons.xpi-utils	DEBUG	Make addon app-global:{972ce4c6-7e08-4474-a285-3208198ce6fd} visible
1468681219676	DeferredSave.extensions.json	DEBUG	Save changes
1468681219676	addons.manager	DEBUG	Registering startup change 'installed' for langpack-en-GB@firefox.mozilla.org
1468681219677	addons.xpi-utils	DEBUG	Make addon app-global:langpack-en-GB@firefox.mozilla.org visible
1468681219677	DeferredSave.extensions.json	DEBUG	Save changes
1468681219677	addons.xpi	DEBUG	Updating XPIState for {"id":"e10srollout@mozilla.org","syncGUID":"XFDvR8E1XZ4c","location":"app-system-defaults","version":"1.0","type":"extension","internalName":null,"updateURL":null,"updateKey":null,"optionsURL":null,"optionsType":null,"aboutURL":null,"icons":{},"iconURL":null,"icon64URL":null,"defaultLocale":{"name":"Multi-process staged rollout","description":"Staged rollout of Firefox multi-process feature.","creator":null,"homepageURL":null},"visible":true,"active":true,"userDisabled":false,"appDisabled":false,"descriptor":"/usr/lib/firefox/browser/features/e10srollout@mozilla.org.xpi","installDate":1465216733000,"updateDate":1465216733000,"applyBackgroundUpdates":1,"bootstrap":true,"skinnable":false,"size":4580,"sourceURI":null,"releaseNotesURI":null,"softDisabled":false,"foreignInstall":false,"hasBinaryComponents":false,"strictCompatibility":false,"locales":[],"targetApplications":[{"id":"{ec8030f7-c20a-464f-9b0e-13a3a9e97384}","minVersion":"47.0","maxVersion":"47.0"}],"targetPlatforms":[],"multiprocessCompatible":false,"seen":true}
1468681219677	addons.xpi	DEBUG	getModTime: Recursive scan of e10srollout@mozilla.org
1468681219678	addons.xpi	DEBUG	Updating XPIState for {"id":"loop@mozilla.org","syncGUID":"t-awMC95Y9WO","location":"app-system-defaults","version":"1.3.2","type":"extension","internalName":null,"updateURL":null,"updateKey":null,"optionsURL":null,"optionsType":null,"aboutURL":null,"icons":{},"iconURL":null,"icon64URL":null,"defaultLocale":{"name":"Firefox Hello","description":"Web sharing for Firefox","creator":"Mozilla","homepageURL":null},"visible":true,"active":true,"userDisabled":false,"appDisabled":false,"descriptor":"/usr/lib/firefox/browser/features/loop@mozilla.org.xpi","installDate":1465216734000,"updateDate":1465216734000,"applyBackgroundUpdates":1,"bootstrap":true,"skinnable":false,"size":4239088,"sourceURI":null,"releaseNotesURI":null,"softDisabled":false,"foreignInstall":false,"hasBinaryComponents":false,"strictCompatibility":false,"locales":[],"targetApplications":[{"id":"{ec8030f7-c20a-464f-9b0e-13a3a9e97384}","minVersion":"46.0a1","maxVersion":"47.*"},{"id":"xpcshell@tests.mozilla.org","minVersion":"0","maxVersion":"10"}],"targetPlatforms":[],"multiprocessCompatible":false,"seen":true}
1468681219678	addons.xpi	DEBUG	getModTime: Recursive scan of loop@mozilla.org
1468681219678	addons.xpi	DEBUG	Updating XPIState for {"id":"firefox@getpocket.com","syncGUID":"2yXBaiVjxDMi","location":"app-system-defaults","version":"1.0.2","type":"extension","internalName":null,"updateURL":null,"updateKey":null,"optionsURL":null,"optionsType":null,"aboutURL":null,"icons":{},"iconURL":null,"icon64URL":null,"defaultLocale":{"name":"Pocket","description":"When you find something you want to view later, put it in Pocket.","creator":null,"homepageURL":null},"visible":true,"active":true,"userDisabled":false,"appDisabled":false,"descriptor":"/usr/lib/firefox/browser/features/firefox@getpocket.com.xpi","installDate":1465216733000,"updateDate":1465216733000,"applyBackgroundUpdates":1,"bootstrap":true,"skinnable":false,"size":894473,"sourceURI":null,"releaseNotesURI":null,"softDisabled":false,"foreignInstall":false,"hasBinaryComponents":false,"strictCompatibility":false,"locales":[],"targetApplications":[{"id":"{ec8030f7-c20a-464f-9b0e-13a3a9e97384}","minVersion":"47.0","maxVersion":"47.0"}],"targetPlatforms":[],"multiprocessCompatible":false,"seen":true}
1468681219678	addons.xpi	DEBUG	getModTime: Recursive scan of firefox@getpocket.com
1468681219678	addons.xpi	DEBUG	Updating XPIState for {"id":"langpack-en-ZA@firefox.mozilla.org","syncGUID":"-VVpTPbWgNVG","location":"app-global","version":"47.0","type":"locale","internalName":null,"updateURL":null,"updateKey":null,"optionsURL":null,"optionsType":null,"aboutURL":null,"icons":{},"iconURL":null,"icon64URL":null,"defaultLocale":{"name":"English (South Africa) Language Pack","description":null,"creator":"Translate.org.za","homepageURL":null,"contributors":["Translate.org.za","Dwayne Bailey"]},"visible":true,"active":true,"userDisabled":false,"appDisabled":false,"descriptor":"/usr/lib/firefox/browser/extensions/langpack-en-ZA@firefox.mozilla.org.xpi","installDate":1465217056000,"updateDate":1465217056000,"applyBackgroundUpdates":1,"bootstrap":true,"skinnable":false,"size":1106312,"sourceURI":null,"releaseNotesURI":null,"softDisabled":false,"foreignInstall":true,"hasBinaryComponents":false,"strictCompatibility":true,"locales":[],"targetApplications":[{"id":"{ec8030f7-c20a-464f-9b0e-13a3a9e97384}","minVersion":"47.0","maxVersion":"47.*"},{"id":"webapprt@mozilla.org","minVersion":"47.0","maxVersion":"47.*"}],"targetPlatforms":[],"seen":true}
1468681219678	addons.xpi	DEBUG	getModTime: Recursive scan of langpack-en-ZA@firefox.mozilla.org
1468681219679	addons.xpi	DEBUG	Updating XPIState for {"id":"{972ce4c6-7e08-4474-a285-3208198ce6fd}","syncGUID":"0uG7TxwP0d2X","location":"app-global","version":"47.0","type":"theme","internalName":"classic/1.0","updateURL":null,"updateKey":null,"optionsURL":null,"optionsType":null,"aboutURL":null,"icons":{"32":"icon.png","48":"icon.png"},"iconURL":null,"icon64URL":null,"defaultLocale":{"name":"Default","description":"The default theme.","creator":"Mozilla","homepageURL":null,"contributors":["Mozilla Contributors"]},"visible":true,"active":true,"userDisabled":false,"appDisabled":false,"descriptor":"/usr/lib/firefox/browser/extensions/{972ce4c6-7e08-4474-a285-3208198ce6fd}.xpi","installDate":1465216733000,"updateDate":1465216733000,"applyBackgroundUpdates":1,"skinnable":true,"size":5022,"sourceURI":null,"releaseNotesURI":null,"softDisabled":false,"foreignInstall":false,"hasBinaryComponents":false,"strictCompatibility":true,"locales":[],"targetApplications":[{"id":"{ec8030f7-c20a-464f-9b0e-13a3a9e97384}","minVersion":"47.0","maxVersion":"47.0"}],"targetPlatforms":[],"seen":true}
1468681219679	addons.xpi	DEBUG	getModTime: Recursive scan of {972ce4c6-7e08-4474-a285-3208198ce6fd}
1468681219679	addons.xpi	DEBUG	Updating XPIState for {"id":"langpack-en-GB@firefox.mozilla.org","syncGUID":"urFO526j_BGf","location":"app-global","version":"47.0","type":"locale","internalName":null,"updateURL":null,"updateKey":null,"optionsURL":null,"optionsType":null,"aboutURL":null,"icons":{},"iconURL":null,"icon64URL":null,"defaultLocale":{"name":"English (GB) Language Pack","description":null,"creator":"Mark Tyndall","homepageURL":null,"contributors":["David Bartlett","Constantine Murenin","Ian Neal"]},"visible":true,"active":true,"userDisabled":false,"appDisabled":false,"descriptor":"/usr/lib/firefox/browser/extensions/langpack-en-GB@firefox.mozilla.org.xpi","installDate":1465217056000,"updateDate":1465217056000,"applyBackgroundUpdates":1,"bootstrap":true,"skinnable":false,"size":1121067,"sourceURI":null,"releaseNotesURI":null,"softDisabled":false,"foreignInstall":true,"hasBinaryComponents":false,"strictCompatibility":true,"locales":[],"targetApplications":[{"id":"{ec8030f7-c20a-464f-9b0e-13a3a9e97384}","minVersion":"47.0","maxVersion":"47.*"},{"id":"webapprt@mozilla.org","minVersion":"47.0","maxVersion":"47.*"}],"targetPlatforms":[],"seen":true}
1468681219679	addons.xpi	DEBUG	getModTime: Recursive scan of langpack-en-GB@firefox.mozilla.org
1468681219680	DeferredSave.extensions.json	DEBUG	Save changes
1468681219680	addons.xpi	DEBUG	Updating database with changes to installed add-ons
1468681219680	addons.xpi-utils	DEBUG	Updating add-on states
1468681219680	addons.xpi-utils	DEBUG	Writing add-ons list
1468681219681	addons.xpi	DEBUG	Registering manifest for /usr/lib/firefox/browser/features/e10srollout@mozilla.org.xpi
1468681219681	addons.xpi	DEBUG	Calling bootstrap method startup on e10srollout@mozilla.org version 1.0
1468681219682	addons.xpi	DEBUG	Registering manifest for /usr/lib/firefox/browser/features/loop@mozilla.org.xpi
1468681219682	addons.xpi	DEBUG	Calling bootstrap method startup on loop@mozilla.org version 1.3.2
1468681219698	addons.xpi	DEBUG	Registering manifest for /usr/lib/firefox/browser/features/firefox@getpocket.com.xpi
1468681219698	addons.xpi	DEBUG	Calling bootstrap method startup on firefox@getpocket.com version 1.0.2
1468681219699	addons.xpi	DEBUG	Registering manifest for /usr/lib/firefox/browser/extensions/langpack-en-ZA@firefox.mozilla.org.xpi
1468681219700	addons.xpi	DEBUG	Registering manifest for /usr/lib/firefox/browser/extensions/langpack-en-GB@firefox.mozilla.org.xpi
1468681219703	addons.manager	DEBUG	Registering shutdown blocker for XPIProvider
1468681219703	addons.manager	DEBUG	Provider finished startup: XPIProvider
1468681219703	addons.manager	DEBUG	Starting provider: LightweightThemeManager
1468681219703	addons.manager	DEBUG	Registering shutdown blocker for LightweightThemeManager
1468681219703	addons.manager	DEBUG	Provider finished startup: LightweightThemeManager
1468681219704	addons.manager	DEBUG	Starting provider: GMPProvider
1468681219709	addons.manager	DEBUG	Registering shutdown blocker for GMPProvider
1468681219709	addons.manager	DEBUG	Provider finished startup: GMPProvider
1468681219709	addons.manager	DEBUG	Starting provider: PluginProvider
1468681219709	addons.manager	DEBUG	Registering shutdown blocker for PluginProvider
1468681219709	addons.manager	DEBUG	Provider finished startup: PluginProvider
1468681219710	addons.manager	DEBUG	Completed startup sequence
1468681219852	Marionette	INFO	Listening on port 43781
1468681220093	addons.manager	DEBUG	Starting provider: <unnamed-provider>
1468681220093	addons.manager	DEBUG	Registering shutdown blocker for <unnamed-provider>
1468681220094	addons.manager	DEBUG	Provider finished startup: <unnamed-provider>
1468681220144	addons.manager	DEBUG	Starting provider: PreviousExperimentProvider
1468681220144	addons.manager	DEBUG	Registering shutdown blocker for PreviousExperimentProvider
1468681220148	addons.manager	DEBUG	Provider finished startup: PreviousExperimentProvider
1468681220152	DeferredSave.extensions.json	DEBUG	Starting write
1468681220283	DeferredSave.extensions.json	DEBUG	Write succeeded
1468681220284	addons.xpi-utils	DEBUG	XPI Database saved, setting schema version preference to 17

(firefox:3548): Gdk-WARNING **: XSetErrorHandler() called with a GDK error trap pushed. Don't do that.
1468681281015	addons.productaddons	INFO	sending request to: https://aus5.mozilla.org/update/3/GMP/47.0/20160606114208/Linux_x86_64-gcc3/null/release-cck- “ubuntu”/Linux%204.2.0-42-generic%20(GTK%203.10.8%2Clibpulse%204.0.0)/canonical/1.0/update.xml
1468681281452	addons.productaddons	INFO	Completed downloading document
1468681282067	addons.productaddons	INFO	downloadXHR File download. status=200
1468681282073	addons.productaddons	INFO	Downloaded file will be saved to /tmp/tmpaddon
